Microsoft (R) Macro Assembler Version 14.43.34809.0	    05/23/25 16:06:56
MyFunc.asm						     Page 1 - 1


				.386
				.model flat
 00000000			.code
 00000000			_Func PROC
 00000000  55				push ebp ; ESP =          , EBP = 
 00000001  8B EC			mov ebp, esp ; ESP =          , EBP = 
 00000003  83 EC 0C			sub esp, 12 ; ESP = 
 00000006  C7 45 FC			mov DWORD PTR[ebp - 4], 2
	   00000002
 0000000D  C7 45 F8			mov DWORD PTR[ebp - 8], 4
	   00000004
 00000014  C7 45 F4			mov DWORD PTR[ebp - 12], 8
	   00000008
 0000001B  8B 45 08			mov eax, [ebp+8]          ; EAX = 
 0000001E  F7 65 FC			mul DWORD PTR[ebp - 4] ; EAX = 
 00000021  8B D8			mov ebx, eax          ; EBX = 
 00000023  8B 45 0C			mov eax, [ebp+12]          ; EAX =
 00000026  F7 65 F8			mul DWORD PTR[ebp-8]          ; EAX = 
 00000029  03 C3			add eax, ebx          ; EAX = 
 0000002B  2B 45 F4			sub eax, [ebp-12]          ; EAX = 
 0000002E  83 C4 0C			add esp, 12          ; ESP = 
 00000031  5D				pop ebp          ; ESP =            EBP = 
 00000032  C3				ret
 00000033			_Func ENDP
				END
Microsoft (R) Macro Assembler Version 14.43.34809.0	    05/23/25 16:06:56
MyFunc.asm						     Symbols 2 - 1




Segments and Groups:

                N a m e                 Size     Length   Align   Combine Class

FLAT . . . . . . . . . . . . . .	GROUP
_DATA  . . . . . . . . . . . . .	32 Bit	 00000000 DWord	  Public  'DATA'	
_TEXT  . . . . . . . . . . . . .	32 Bit	 00000033 DWord	  Public  'CODE'	


Procedures, parameters, and locals:

                N a m e                 Type     Value    Attr

_Func  . . . . . . . . . . . . .	P Near	 00000000 _TEXT	Length= 00000033 Public


Symbols:

                N a m e                 Type     Value    Attr

@CodeSize  . . . . . . . . . . .	Number	 00000000h   
@DataSize  . . . . . . . . . . .	Number	 00000000h   
@Interface . . . . . . . . . . .	Number	 00000000h   
@Model . . . . . . . . . . . . .	Number	 00000007h   
@code  . . . . . . . . . . . . .	Text   	 _TEXT
@data  . . . . . . . . . . . . .	Text   	 FLAT
@fardata?  . . . . . . . . . . .	Text   	 FLAT
@fardata . . . . . . . . . . . .	Text   	 FLAT
@stack . . . . . . . . . . . . .	Text   	 FLAT

	   0 Warnings
	   0 Errors
