Microsoft (R) Macro Assembler Version 14.43.34809.0	    05/30/25 21:08:27
Practice 11-						     Page 1 - 1


				TITLE Practice 11-2
				 INCLUDE Irvine16.inc
			      C ; Irvine16.inc - Include file for programs using
			      C ; the Irvine16.lib (Real-address mode library).
			      C 
			      C ; Last update: 7/29/05
			      C 
			      C .NOLIST
			      C .LIST
			      C 
 0000				 .data
 0000  001E [			 string BYTE 30 DUP(?)
        00
       ]
 0000				 .code
 0000				 main PROC
 0000  B8 ---- R		   mov   ax, @data
 0003  8E D8			   mov   ds, ax
 0005  E8 002A			   call INPUT
 0008  E8 0004			   call PRINT
				   exit
 000F				 main ENDP
 000F				 PRINT PROC
 000F  66| 55			   push ebp
 0011  66| 8B EC		   mov ebp, esp
 0014  E8 0000 E		   call Crlf
 0017  B1 1E			   mov cl, LENGTHOF string
 0019  66| BE 00000000 R	   mov esi, OFFSET string
 001F				 L1 :
 001F  B4 02			   mov ah, 2
 0021  67& 8A 16		   mov dl, [esi]
 0024  80 FA 2E			   cmp dl, 2Eh            ; ASCII code ˇ®.ˇŻ
 0027  74 06			   je L2
 0029  CD 21			   INT 21h
 002B  66| 46			   inc esi
 002D  E2 F0			   loop L1
 002F				 L2 :
 002F  66| 5D			   pop ebp
 0031  C3			   ret
 0032				 PRINT ENDP
 0032				 INPUT PROC
 0032  66| 55			   push ebp
 0034  66| 8B EC		   mov ebp, esp
 0037  E8 0000 E		   call Clrscr
 003A  B1 1E			   mov cl, LENGTHOF string
 003C  66| BE 00000000 R	   mov esi, OFFSET string
 0042				 L1 :
 0042  B4 01			   mov ah, 1
 0044  CD 21			   INT 21h
 0046  67& 88 06		   mov [esi], al
 0049  3C 2E			   cmp al, 2Eh            ; ASCII code ˇ®.ˇŻ
 004B  74 04			   je L2
 004D  66| 46			   inc esi
 004F  E2 F1			   loop L1
 0051				 L2 :
 0051  66| 5D			   pop ebp
 0053  C3			   ret
 0054				 INPUT ENDP
				 END  main
Microsoft (R) Macro Assembler Version 14.43.34809.0	    05/30/25 21:08:27
Practice 11-						     Symbols 2 - 1




Structures and Unions:

                N a m e                  Size
                                         Offset      Type

CursorPosStruc . . . . . . . . .	 0002
  Ycoord . . . . . . . . . . . .	 0000	     Byte
  Xcoord . . . . . . . . . . . .	 0001	     Byte
ExtGetDskFreSpcStruc . . . . . .	 002C
  StructSize . . . . . . . . . .	 0000	     Word
  Level  . . . . . . . . . . . .	 0002	     Word
  SectorsPerCluster  . . . . . .	 0004	     DWord
  BytesPerSector . . . . . . . .	 0008	     DWord
  AvailableClusters  . . . . . .	 000C	     DWord
  TotalClusters  . . . . . . . .	 0010	     DWord
  AvailablePhysSectors . . . . .	 0014	     DWord
  TotalPhysSectors . . . . . . .	 0018	     DWord
  AvailableAllocationUnits . . .	 001C	     DWord
  TotalAllocationUnits . . . . .	 0020	     DWord
  Rsvd . . . . . . . . . . . . .	 0024	     DWord
FPU_ENVIRON  . . . . . . . . . .	 001C
  controlWord  . . . . . . . . .	 0000	     Word
  statusWord . . . . . . . . . .	 0004	     Word
  tagWord  . . . . . . . . . . .	 0008	     Word
  instrPtrLow  . . . . . . . . .	 000C	     Word
  opcodeAndInstrPtrHi  . . . . .	 0010	     DWord
  operandPtrLow  . . . . . . . .	 0014	     Word
  operandPtrHi . . . . . . . . .	 0018	     DWord
TimeRecord . . . . . . . . . . .	 0004
  hours  . . . . . . . . . . . .	 0000	     Byte
  minutes  . . . . . . . . . . .	 0001	     Byte
  seconds  . . . . . . . . . . .	 0002	     Byte
  hhss . . . . . . . . . . . . .	 0003	     Byte
VideoInfoStruc . . . . . . . . .	 0041
  supportedInfoPtr . . . . . . .	 0000	     DWord
  videoMode  . . . . . . . . . .	 0004	     Byte
  numCharColumns . . . . . . . .	 0005	     Word
  videoBufferLen . . . . . . . .	 0007	     Word
  videoBufferStartPtr  . . . . .	 0009	     Word
  cursors  . . . . . . . . . . .	 000B	     Word
  cursorStartLine  . . . . . . .	 001B	     Byte
  cursorEndLine  . . . . . . . .	 001C	     Byte
  activeDisplayPage  . . . . . .	 001D	     Byte
  adapterBasePortAddr  . . . . .	 001E	     Word
  currentRegister3B8or3D8  . . .	 0020	     Byte
  currentRegister3B9or3D9  . . .	 0021	     Byte
  numCharRows  . . . . . . . . .	 0022	     Byte
  characterScanHeight  . . . . .	 0023	     Word
  activeDisplayCode  . . . . . .	 0025	     Byte
  inactiveDisplayCode  . . . . .	 0026	     Byte
  numberOfColors . . . . . . . .	 0027	     Word
  numberOfVideoPages . . . . . .	 0029	     Byte
  numberOfScanLines  . . . . . .	 002A	     Word
  primaryCharBlock . . . . . . .	 002C	     Byte
  secondaryCharBlock . . . . . .	 002D	     Byte
  miscStateInfo  . . . . . . . .	 002E	     Byte
  videoMemAvail  . . . . . . . .	 0032	     Byte
  savePointerStateInfo . . . . .	 0033	     Byte


Segments and Groups:

                N a m e                 Size     Length   Align   Combine Class

DGROUP . . . . . . . . . . . . .	GROUP
_DATA  . . . . . . . . . . . . .	16 Bit	 001E	  Word	  Public  'DATA'	
STACK  . . . . . . . . . . . . .	16 Bit	 0200	  Para	  Stack	  'STACK'	 
_TEXT  . . . . . . . . . . . . .	16 Bit	 0054	  Word	  Public  'CODE'	


Procedures, parameters, and locals:

                N a m e                 Type     Value    Attr

Clrscr . . . . . . . . . . . . .	P Near	 0000	  Length= 0000 External STDCALL
Crlf . . . . . . . . . . . . . .	P Near	 0000	  Length= 0000 External STDCALL
Delay  . . . . . . . . . . . . .	P Near	 0000	  Length= 0000 External STDCALL
DumpMem  . . . . . . . . . . . .	P Near	 0000	  Length= 0000 External STDCALL
DumpRegs . . . . . . . . . . . .	P Near	 0000	  Length= 0000 External STDCALL
GetCommandtail . . . . . . . . .	P Near	 0000	  Length= 0000 External STDCALL
GetMaxXY . . . . . . . . . . . .	P Near	 0000	  Length= 0000 External STDCALL
GetMseconds  . . . . . . . . . .	P Near	 0000	  Length= 0000 External STDCALL
Gotoxy . . . . . . . . . . . . .	P Near	 0000	  Length= 0000 External STDCALL
INPUT  . . . . . . . . . . . . .	P Near	 0032	  _TEXT	Length= 0022 Public STDCALL
  L1 . . . . . . . . . . . . . .	L Near	 0042	  _TEXT	
  L2 . . . . . . . . . . . . . .	L Near	 0051	  _TEXT	
IsDigit  . . . . . . . . . . . .	P Near	 0000	  Length= 0000 External STDCALL
PRINT  . . . . . . . . . . . . .	P Near	 000F	  _TEXT	Length= 0023 Public STDCALL
  L1 . . . . . . . . . . . . . .	L Near	 001F	  _TEXT	
  L2 . . . . . . . . . . . . . .	L Near	 002F	  _TEXT	
Random32 . . . . . . . . . . . .	P Near	 0000	  Length= 0000 External STDCALL
RandomRange  . . . . . . . . . .	P Near	 0000	  Length= 0000 External STDCALL
Randomize  . . . . . . . . . . .	P Near	 0000	  Length= 0000 External STDCALL
ReadChar . . . . . . . . . . . .	P Near	 0000	  Length= 0000 External STDCALL
ReadFloat  . . . . . . . . . . .	P Near	 0000	  Length= 0000 External STDCALL
ReadHex  . . . . . . . . . . . .	P Near	 0000	  Length= 0000 External STDCALL
ReadInt  . . . . . . . . . . . .	P Near	 0000	  Length= 0000 External STDCALL
ReadString . . . . . . . . . . .	P Near	 0000	  Length= 0000 External STDCALL
SetTextColor . . . . . . . . . .	P Near	 0000	  Length= 0000 External STDCALL
ShowFPUStack . . . . . . . . . .	P Near	 0000	  Length= 0000 External STDCALL
Str_compare  . . . . . . . . . .	P Near	 0000	  Length= 0000 External STDCALL
Str_copy . . . . . . . . . . . .	P Near	 0000	  Length= 0000 External STDCALL
Str_length . . . . . . . . . . .	P Near	 0000	  Length= 0000 External STDCALL
Str_trim . . . . . . . . . . . .	P Near	 0000	  Length= 0000 External STDCALL
Str_ucase  . . . . . . . . . . .	P Near	 0000	  Length= 0000 External STDCALL
WaitMsg  . . . . . . . . . . . .	P Near	 0000	  Length= 0000 External STDCALL
WriteBinB  . . . . . . . . . . .	P Near	 0000	  Length= 0000 External STDCALL
WriteBin . . . . . . . . . . . .	P Near	 0000	  Length= 0000 External STDCALL
WriteChar  . . . . . . . . . . .	P Near	 0000	  Length= 0000 External STDCALL
WriteDec . . . . . . . . . . . .	P Near	 0000	  Length= 0000 External STDCALL
WriteFloat . . . . . . . . . . .	P Near	 0000	  Length= 0000 External STDCALL
WriteHexB  . . . . . . . . . . .	P Near	 0000	  Length= 0000 External STDCALL
WriteHex . . . . . . . . . . . .	P Near	 0000	  Length= 0000 External STDCALL
WriteInt . . . . . . . . . . . .	P Near	 0000	  Length= 0000 External STDCALL
WriteString  . . . . . . . . . .	P Near	 0000	  Length= 0000 External STDCALL
main . . . . . . . . . . . . . .	P Near	 0000	  _TEXT	Length= 000F Public STDCALL


Symbols:

                N a m e                 Type     Value    Attr

@CodeSize  . . . . . . . . . . .	Number	 0000h	 
@DataSize  . . . . . . . . . . .	Number	 0000h	 
@Interface . . . . . . . . . . .	Number	 0003h	 
@Model . . . . . . . . . . . . .	Number	 0002h	 
@cmdline . . . . . . . . . . . .	Text   	 OFFSET __98765765cmdline
@code  . . . . . . . . . . . . .	Text   	 _TEXT
@data  . . . . . . . . . . . . .	Text   	 DGROUP
@fardata?  . . . . . . . . . . .	Text   	 FAR_BSS
@fardata . . . . . . . . . . . .	Text   	 FAR_DATA
@stack . . . . . . . . . . . . .	Text   	 DGROUP
ACTION_CREATED_OPENED  . . . . .	Number	 0002h	 
ACTION_OPENED  . . . . . . . . .	Number	 0001h	 
ACTION_REPLACED_OPENED . . . . .	Number	 0003h	 
FILE_CREATE  . . . . . . . . . .	Number	 0010h	 
FILE_OPEN  . . . . . . . . . . .	Number	 0001h	 
FILE_TRUNCATE  . . . . . . . . .	Number	 0002h	 
LIGHT_BLUE . . . . . . . . . . .	Number	 0009h	 
LIGHT_CYAN . . . . . . . . . . .	Number	 000Bh	 
LIGHT_GRAY . . . . . . . . . . .	Number	 0007h	 
LIGHT_GREEN  . . . . . . . . . .	Number	 000Ah	 
LIGHT_MAGENTA  . . . . . . . . .	Number	 000Dh	 
LIGHT_RED  . . . . . . . . . . .	Number	 000Ch	 
OPEN_ACCESS_READONLY . . . . . .	Number	 0000h	 
OPEN_ACCESS_READWRITE  . . . . .	Number	 0002h	 
OPEN_ACCESS_RO_NOMODLASTACCESS .	Number	 0004h	 
OPEN_ACCESS_WRITEONLY  . . . . .	Number	 0001h	 
OPEN_FLAGS_ALIAS_HINT  . . . . .	Number	 0400h	 
OPEN_FLAGS_COMMIT  . . . . . . .	Number	 4000h	 
OPEN_FLAGS_NOCRITERR . . . . . .	Number	 2000h	 
OPEN_FLAGS_NOINHERIT . . . . . .	Number	 0080h	 
OPEN_FLAGS_NO_BUFFERING  . . . .	Number	 0100h	 
OPEN_FLAGS_NO_COMPRESS . . . . .	Number	 0200h	 
OPEN_SHARE_COMPATIBLE  . . . . .	Number	 0000h	 
OPEN_SHARE_DENYNONE  . . . . . .	Number	 0040h	 
OPEN_SHARE_DENYREADWRITE . . . .	Number	 0010h	 
OPEN_SHARE_DENYREAD  . . . . . .	Number	 0030h	 
OPEN_SHARE_DENYWRITE . . . . . .	Number	 0020h	 
_A_ARCH  . . . . . . . . . . . .	Number	 0020h	 
_A_HIDDEN  . . . . . . . . . . .	Number	 0002h	 
_A_NORMAL  . . . . . . . . . . .	Number	 0000h	 
_A_RDONLY  . . . . . . . . . . .	Number	 0001h	 
_A_SYSTEM  . . . . . . . . . . .	Number	 0004h	 
_A_VOLID . . . . . . . . . . . .	Number	 0008h	 
black  . . . . . . . . . . . . .	Number	 0000h	 
blue . . . . . . . . . . . . . .	Number	 0001h	 
brown  . . . . . . . . . . . . .	Number	 0006h	 
cyan . . . . . . . . . . . . . .	Number	 0003h	 
exit . . . . . . . . . . . . . .	Text   	 .EXIT
gray . . . . . . . . . . . . . .	Number	 0008h	 
green  . . . . . . . . . . . . .	Number	 0002h	 
lightBlue  . . . . . . . . . . .	Number	 0009h	 
lightCyan  . . . . . . . . . . .	Number	 000Bh	 
lightGray  . . . . . . . . . . .	Number	 0007h	 
lightGreen . . . . . . . . . . .	Number	 000Ah	 
lightMagenta . . . . . . . . . .	Number	 000Dh	 
lightRed . . . . . . . . . . . .	Number	 000Ch	 
magenta  . . . . . . . . . . . .	Number	 0005h	 
red  . . . . . . . . . . . . . .	Number	 0004h	 
string . . . . . . . . . . . . .	Byte	 0000	  _DATA	
white  . . . . . . . . . . . . .	Number	 000Fh	 
yellow . . . . . . . . . . . . .	Number	 000Eh	 

	   0 Warnings
	   0 Errors
