  main.cpp
C:\studyASM\Q3\main.cpp(12,2): error C4235: nonstandard extension used: '__asm' keyword not supported on this architecture
C:\studyASM\Q3\main.cpp(13,3): error C2065: 'mov': undeclared identifier
C:\studyASM\Q3\main.cpp(13,7): error C2146: syntax error: missing ';' before identifier 'ecx'
C:\studyASM\Q3\main.cpp(13,7): error C2065: 'ecx': undeclared identifier
C:\studyASM\Q3\main.cpp(14,3): error C2146: syntax error: missing ';' before identifier 'mov'
C:\studyASM\Q3\main.cpp(14,3): error C2065: 'mov': undeclared identifier
C:\studyASM\Q3\main.cpp(14,7): error C2146: syntax error: missing ';' before identifier 'eax'
C:\studyASM\Q3\main.cpp(14,7): error C2065: 'eax': undeclared identifier
C:\studyASM\Q3\main.cpp(15,3): error C2146: syntax error: missing ';' before identifier 'L1'
C:\studyASM\Q3\main.cpp(16,3): error C2065: 'add': undeclared identifier
C:\studyASM\Q3\main.cpp(16,7): error C2146: syntax error: missing ';' before identifier 'eax'
C:\studyASM\Q3\main.cpp(16,7): error C2065: 'eax': undeclared identifier
C:\studyASM\Q3\main.cpp(16,12): error C2065: 'ecx': undeclared identifier
C:\studyASM\Q3\main.cpp(17,4): error C2146: syntax error: missing ';' before identifier 'loop'
C:\studyASM\Q3\main.cpp(17,4): error C2065: 'loop': undeclared identifier
C:\studyASM\Q3\main.cpp(17,9): error C2146: syntax error: missing ';' before identifier 'L1'
C:\studyASM\Q3\main.cpp(17,9): error C2065: 'L1': undeclared identifier
C:\studyASM\Q3\main.cpp(18,4): error C2146: syntax error: missing ';' before identifier 'mov'
C:\studyASM\Q3\main.cpp(18,4): error C2065: 'mov': undeclared identifier
C:\studyASM\Q3\main.cpp(18,8): error C2146: syntax error: missing ';' before identifier 'retValue'
C:\studyASM\Q3\main.cpp(18,18): error C2065: 'eax': undeclared identifier
C:\studyASM\Q3\main.cpp(19,2): error C2143: syntax error: missing ';' before '}'
